<?xml version="1.0" encoding="UTF-8"?>
<testsuite xmlns:xsi="http://www.w3.org/2001/XMLSchema-instance" xsi:noNamespaceSchemaLocation="https://maven.apache.org/surefire/maven-surefire-plugin/xsd/surefire-test-report.xsd" version="3.0.1" name="es.upm.grise.profundizacion.file.FileTest" time="0.106" tests="7" errors="1" skipped="0" failures="0">
  <properties>
    <property name="java.specification.version" value="17"/>
    <property name="sun.cpu.isalist" value="amd64"/>
    <property name="sun.jnu.encoding" value="Cp1252"/>
    <property name="java.class.path" value="C:\Users\NW\OneDrive\Attachments\Escritorio\Investigacion\2026-ESPE-parte-d2\target\test-classes;C:\Users\NW\OneDrive\Attachments\Escritorio\Investigacion\2026-ESPE-parte-d2\target\classes;C:\Users\NW\.m2\repository\org\junit\jupiter\junit-jupiter-api\5.13.4\junit-jupiter-api-5.13.4.jar;C:\Users\NW\.m2\repository\org\opentest4j\opentest4j\1.3.0\opentest4j-1.3.0.jar;C:\Users\NW\.m2\repository\org\junit\platform\junit-platform-commons\1.13.4\junit-platform-commons-1.13.4.jar;C:\Users\NW\.m2\repository\org\apiguardian\apiguardian-api\1.1.2\apiguardian-api-1.1.2.jar;C:\Users\NW\.m2\repository\org\mockito\mockito-core\5.19.0\mockito-core-5.19.0.jar;C:\Users\NW\.m2\repository\net\bytebuddy\byte-buddy\1.17.6\byte-buddy-1.17.6.jar;C:\Users\NW\.m2\repository\net\bytebuddy\byte-buddy-agent\1.17.6\byte-buddy-agent-1.17.6.jar;C:\Users\NW\.m2\repository\org\objenesis\objenesis\3.3\objenesis-3.3.jar;"/>
    <property name="java.vm.vendor" value="Eclipse Adoptium"/>
    <property name="sun.arch.data.model" value="64"/>
    <property name="user.variant" value=""/>
    <property name="java.vendor.url" value="https://adoptium.net/"/>
    <property name="user.timezone" value="America/Guayaquil"/>
    <property name="os.name" value="Windows 11"/>
    <property name="java.vm.specification.version" value="17"/>
    <property name="user.country" value="EC"/>
    <property name="sun.java.launcher" value="SUN_STANDARD"/>
    <property name="sun.boot.library.path" value="C:\Program Files\Java\jdk-17.0.17.10-hotspot\bin"/>
    <property name="sun.java.command" value="C:\Users\NW\AppData\Local\Temp\surefire14505128000955778272\surefirebooter-20260203082014251_3.jar C:\Users\NW\AppData\Local\Temp\surefire14505128000955778272 2026-02-03T08-20-13_874-jvmRun1 surefire-20260203082014251_1tmp surefire_0-20260203082014251_2tmp"/>
    <property name="jdk.debug" value="release"/>
    <property name="surefire.test.class.path" value="C:\Users\NW\OneDrive\Attachments\Escritorio\Investigacion\2026-ESPE-parte-d2\target\test-classes;C:\Users\NW\OneDrive\Attachments\Escritorio\Investigacion\2026-ESPE-parte-d2\target\classes;C:\Users\NW\.m2\repository\org\junit\jupiter\junit-jupiter-api\5.13.4\junit-jupiter-api-5.13.4.jar;C:\Users\NW\.m2\repository\org\opentest4j\opentest4j\1.3.0\opentest4j-1.3.0.jar;C:\Users\NW\.m2\repository\org\junit\platform\junit-platform-commons\1.13.4\junit-platform-commons-1.13.4.jar;C:\Users\NW\.m2\repository\org\apiguardian\apiguardian-api\1.1.2\apiguardian-api-1.1.2.jar;C:\Users\NW\.m2\repository\org\mockito\mockito-core\5.19.0\mockito-core-5.19.0.jar;C:\Users\NW\.m2\repository\net\bytebuddy\byte-buddy\1.17.6\byte-buddy-1.17.6.jar;C:\Users\NW\.m2\repository\net\bytebuddy\byte-buddy-agent\1.17.6\byte-buddy-agent-1.17.6.jar;C:\Users\NW\.m2\repository\org\objenesis\objenesis\3.3\objenesis-3.3.jar;"/>
    <property name="sun.cpu.endian" value="little"/>
    <property name="user.home" value="C:\Users\NW"/>
    <property name="user.language" value="es"/>
    <property name="java.specification.vendor" value="Oracle Corporation"/>
    <property name="java.version.date" value="2025-10-21"/>
    <property name="java.home" value="C:\Program Files\Java\jdk-17.0.17.10-hotspot"/>
    <property name="file.separator" value="\"/>
    <property name="basedir" value="C:\Users\NW\OneDrive\Attachments\Escritorio\Investigacion\2026-ESPE-parte-d2"/>
    <property name="java.vm.compressedOopsMode" value="Zero based"/>
    <property name="line.separator" value="&#10;"/>
    <property name="java.vm.specification.vendor" value="Oracle Corporation"/>
    <property name="java.specification.name" value="Java Platform API Specification"/>
    <property name="surefire.real.class.path" value="C:\Users\NW\AppData\Local\Temp\surefire14505128000955778272\surefirebooter-20260203082014251_3.jar"/>
    <property name="user.script" value=""/>
    <property name="sun.management.compiler" value="HotSpot 64-Bit Tiered Compilers"/>
    <property name="java.runtime.version" value="17.0.17+10"/>
    <property name="user.name" value="NW"/>
    <property name="path.separator" value=";"/>
    <property name="os.version" value="10.0"/>
    <property name="java.runtime.name" value="OpenJDK Runtime Environment"/>
    <property name="file.encoding" value="Cp1252"/>
    <property name="java.vm.name" value="OpenJDK 64-Bit Server VM"/>
    <property name="java.vendor.version" value="Temurin-17.0.17+10"/>
    <property name="maven.ext.class.path" value="C:\Users\NW\.vscode\extensions\oracle.oracle-java-25.0.1\nbcode\java\maven-nblib\netbeans-eventspy.jar"/>
    <property name="localRepository" value="C:\Users\NW\.m2\repository"/>
    <property name="java.vendor.url.bug" value="https://github.com/adoptium/adoptium-support/issues"/>
    <property name="java.io.tmpdir" value="C:\Users\NW\AppData\Local\Temp\"/>
    <property name="java.version" value="17.0.17"/>
    <property name="user.dir" value="C:\Users\NW\OneDrive\Attachments\Escritorio\Investigacion\2026-ESPE-parte-d2"/>
    <property name="os.arch" value="amd64"/>
    <property name="java.vm.specification.name" value="Java Virtual Machine Specification"/>
    <property name="sun.os.patch.level" value=""/>
    <property name="native.encoding" value="Cp1252"/>
    <property name="java.library.path" value="C:\Program Files\Java\jdk-17.0.17.10-hotspot\bin;C:\WINDOWS\Sun\Java\bin;C:\WINDOWS\system32;C:\WINDOWS;C:\Program Files (x86)\VMware\VMware Workstation\bin\;C:\Program Files\Common Files\Oracle\Java\javapath;C:\Program Files (x86)\Common Files\Oracle\Java\java8path;C:\Program Files (x86)\Common Files\Oracle\Java\javapath;C:\WINDOWS\system32;C:\WINDOWS;C:\WINDOWS\System32\Wbem;C:\WINDOWS\System32\WindowsPowerShell\v1.0\;C:\WINDOWS\System32\OpenSSH\;C:\Program Files\NVIDIA Corporation\NVIDIA app\NvDLISR;C:\Program Files\dotnet\;C:\Program Files (x86)\NVIDIA Corporation\PhysX\Common;C:\msys64;C:\msys64\mingw64\bin;C:\msys64\ucrt64\bin;C:\Program Files\Microsoft Visual Studio\2022\Community\VC\Tools\MSVC\14.42.34433\bin\Hostx64\x64\cl.exe;C:\Program Files\Git\cmd;C:\Program Files\CMake\bin;C:\Program Files\MATLAB\R2024b\bin;C:\Users\NW\AppData\Local\Programs\Python\Python313\python.exe;C:\Users\NW\Downloads\windows_10_cmake_Release_Graphviz-12.2.1-win64\Graphviz-12.2.1-win64\bin;C:\Program Files\Docker\Docker\resources\bin;C:\Program Files\PostgreSQL\17\bin;C:\Program Files\Microsoft SQL Server\150\Tools\Binn\;C:\Program Files\Microsoft SQL Server\Client SDK\ODBC\170\Tools\Binn\;C:\Program Files (x86)\Windows Kits\10\Windows Performance Toolkit\;C:\Program Files\Cloudflare\Cloudflare WARP\;C:\xampp\php;C:\ProgramData\ComposerSetup\bin;C:\Program Files\nodejs\;C:\Oracle\instantclient-odbc-nt-21.18.0.0.0dbru\instantclient-odbc-nt-21.18.0.0.0dbru\instantclient_21_18;C:\Program Files\Java\jdk-17.0.17.10-hotspot\bin;C:\Users\NW\AppData\Local\Programs\Python\Python313\Scripts\;C:\Users\NW\AppData\Local\Programs\Python\Python313\;C:\Users\NW\AppData\Local\Programs\Python\Launcher\;C:\Users\NW\AppData\Local\Microsoft\WindowsApps;C:\Users\NW\AppData\Local\Programs\Microsoft VS Code\bin;C:\Program Files\PostgreSQL\17\bin;C:\Users\NW\.dotnet\tools;C:\Users\NW\AppData\Roaming\Composer\vendor\bin;C:\Users\NW\AppData\Roaming\npm;C:\Users\NW\Downloads\mongosh-2.5.10-win32-x64\mongosh-2.5.10-win32-x64\bin;C:\apache-maven-3.9.12-bin\apache-maven-3.9.12\bin;C:\Program Files\Java\jdk-17.0.17.10-hotspot;;."/>
    <property name="java.vm.info" value="mixed mode, sharing"/>
    <property name="java.vendor" value="Eclipse Adoptium"/>
    <property name="java.vm.version" value="17.0.17+10"/>
    <property name="java.specification.maintenance.version" value="1"/>
    <property name="sun.io.unicode.encoding" value="UnicodeLittle"/>
    <property name="java.class.version" value="61.0"/>
  </properties>
  <testcase name="testAddPropertyAddsContentCorrectly" classname="es.upm.grise.profundizacion.file.FileTest" time="0.043"/>
  <testcase name="testGetCRC32ReturnsZeroIfEmpty" classname="es.upm.grise.profundizacion.file.FileTest" time="0.002"/>
  <testcase name="testGetCRC32WithContent" classname="es.upm.grise.profundizacion.file.FileTest" time="0.01">
    <error message="Index 4 out of bounds for length 4" type="java.lang.ArrayIndexOutOfBoundsException"><![CDATA[java.lang.ArrayIndexOutOfBoundsException: Index 4 out of bounds for length 4
	at es.upm.grise.profundizacion.file.File.getCRC32(File.java:62)
	at es.upm.grise.profundizacion.file.FileTest.testGetCRC32WithContent(FileTest.java:95)
	at java.base/java.lang.reflect.Method.invoke(Method.java:569)
	at java.base/java.util.ArrayList.forEach(ArrayList.java:1511)
	at java.base/java.util.ArrayList.forEach(ArrayList.java:1511)
]]></error>
  </testcase>
  <testcase name="testAddPropertyThrowsExceptionIfImage" classname="es.upm.grise.profundizacion.file.FileTest" time="0.003"/>
  <testcase name="testAddPropertyThrowsExceptionIfNull" classname="es.upm.grise.profundizacion.file.FileTest" time="0.002"/>
  <testcase name="testConstructorInitializesContent" classname="es.upm.grise.profundizacion.file.FileTest" time="0.002"/>
  <testcase name="testAddPropertyWorksWhenTypeIsNull" classname="es.upm.grise.profundizacion.file.FileTest" time="0.002"/>
</testsuite>