<?xml version="1.0" encoding="UTF-8"?>
<testsuite xmlns:xsi="http://www.w3.org/2001/XMLSchema-instance" xsi:noNamespaceSchemaLocation="https://maven.apache.org/surefire/maven-surefire-plugin/xsd/surefire-test-report.xsd" version="3.0.1" name="es.upm.grise.profundizacion.file.FileTest" time="0.106" tests="7" errors="1" skipped="0" failures="0">
  <properties>
[...]
</properties>
  <testcase name="testAddPropertyAddsContentCorrectly" classname="es.upm.grise.profundizacion.file.FileTest" time="0.043"/>
  <testcase name="testGetCRC32ReturnsZeroIfEmpty" classname="es.upm.grise.profundizacion.file.FileTest" time="0.002"/>
  <testcase name="testGetCRC32WithContent" classname="es.upm.grise.profundizacion.file.FileTest" time="0.01">
    <error message="Index 4 out of bounds for length 4" type="java.lang.ArrayIndexOutOfBoundsException"><![CDATA[java.lang.ArrayIndexOutOfBoundsException: Index 4 out of bounds for length 4
	at es.upm.grise.profundizacion.file.File.getCRC32(File.java:62)
	at es.upm.grise.profundizacion.file.FileTest.testGetCRC32WithContent(FileTest.java:95)
	at java.base/java.lang.reflect.Method.invoke(Method.java:569)
	at java.base/java.util.ArrayList.forEach(ArrayList.java:1511)
	at java.base/java.util.ArrayList.forEach(ArrayList.java:1511)
]]></error>
  </testcase>
  <testcase name="testAddPropertyThrowsExceptionIfImage" classname="es.upm.grise.profundizacion.file.FileTest" time="0.003"/>
  <testcase name="testAddPropertyThrowsExceptionIfNull" classname="es.upm.grise.profundizacion.file.FileTest" time="0.002"/>
  <testcase name="testConstructorInitializesContent" classname="es.upm.grise.profundizacion.file.FileTest" time="0.002"/>
  <testcase name="testAddPropertyWorksWhenTypeIsNull" classname="es.upm.grise.profundizacion.file.FileTest" time="0.002"/>
</testsuite>